<?xml version="1.0" encoding="UTF-8"?>
<!-- Generated by org.testng.reporters.JUnitReportReporter -->
<testsuite hostname="yeahwell-PC" name="com.yeahwell.epu.TestJavascript" tests="1" failures="0" timestamp="9 May 2014 02:29:17 GMT" time="0.829" errors="0">
  <testcase name="test1" time="0.829" classname="com.yeahwell.epu.TestJavascript"/>
</testsuite> <!-- com.yeahwell.epu.TestJavascript -->
